# JRE version: Java(TM) SE Runtime Environment (8.0_151-b12) (build 1.8.0_151-b12)
# Java VM: Java HotSpot(TM) 64-Bit Server VM (25.151-b12 mixed mode windows-amd64 compressed oops)
Heap:
 PSYoungGen      total 115712K, used 49436K [0x00000000f5580000, 0x00000000ffc00000, 0x0000000100000000)
  eden space 62976K, 38% used [0x00000000f5580000,0x00000000f6d5a160,0x00000000f9300000)
  from space 52736K, 47% used [0x00000000fc880000,0x00000000fe0eceb0,0x00000000ffc00000)
  to   space 53760K, 0% used [0x00000000f9300000,0x00000000f9300000,0x00000000fc780000)
 ParOldGen       total 332800K, used 112346K [0x00000000e0000000, 0x00000000f4500000, 0x00000000f5580000)
  object space 332800K, 33% used [0x00000000e0000000,0x00000000e6db6b98,0x00000000f4500000)
 Metaspace       used 134966K, capacity 152200K, committed 152448K, reserved 1181696K
  class space    used 18934K, capacity 19814K, committed 19840K, reserved 1048576K
GC Heap History (10 events):
Event: 96.151 GC heap before
{Heap before GC invocations=28 (full 6):
 PSYoungGen      total 113664K, used 79475K [0x00000000f5580000, 0x0000000100000000, 0x0000000100000000)
  eden space 69120K, 50% used [0x00000000f5580000,0x00000000f77c8dc8,0x00000000f9900000)
  from space 44544K, 99% used [0x00000000f9900000,0x00000000fc4541a8,0x00000000fc480000)
  to   space 56832K, 0% used [0x00000000fc880000,0x00000000fc880000,0x0000000100000000)
 ParOldGen       total 332800K, used 86563K [0x00000000e0000000, 0x00000000f4500000, 0x00000000f5580000)
  object space 332800K, 26% used [0x00000000e0000000,0x00000000e5488d58,0x00000000f4500000)
 Metaspace       used 134952K, capacity 152176K, committed 152448K, reserved 1181696K
  class space    used 18930K, capacity 19810K, committed 19840K, reserved 1048576K
Event: 96.163 GC heap after
Heap after GC invocations=28 (full 6):
 PSYoungGen      total 119808K, used 29142K [0x00000000f5580000, 0x0000000100000000, 0x0000000100000000)
  eden space 62976K, 0% used [0x00000000f5580000,0x00000000f5580000,0x00000000f9300000)
  from space 56832K, 51% used [0x00000000fc880000,0x00000000fe4f5bf0,0x0000000100000000)
  to   space 54784K, 0% used [0x00000000f9300000,0x00000000f9300000,0x00000000fc880000)
 ParOldGen       total 332800K, used 86571K [0x00000000e0000000, 0x00000000f4500000, 0x00000000f5580000)
  object space 332800K, 26% used [0x00000000e0000000,0x00000000e548ad58,0x00000000f4500000)
 Metaspace       used 134952K, capacity 152176K, committed 152448K, reserved 1181696K
  class space    used 18930K, capacity 19810K, committed 19840K, reserved 1048576K
}
Event: 96.163 GC heap before
{Heap before GC invocations=29 (full 7):
 PSYoungGen      total 119808K, used 29142K [0x00000000f5580000, 0x0000000100000000, 0x0000000100000000)
  eden space 62976K, 0% used [0x00000000f5580000,0x00000000f5580000,0x00000000f9300000)
  from space 56832K, 51% used [0x00000000fc880000,0x00000000fe4f5bf0,0x0000000100000000)
  to   space 54784K, 0% used [0x00000000f9300000,0x00000000f9300000,0x00000000fc880000)
 ParOldGen       total 332800K, used 86571K [0x00000000e0000000, 0x00000000f4500000, 0x00000000f5580000)
  object space 332800K, 26% used [0x00000000e0000000,0x00000000e548ad58,0x00000000f4500000)
 Metaspace       used 134952K, capacity 152176K, committed 152448K, reserved 1181696K
  class space    used 18930K, capacity 19810K, committed 19840K, reserved 1048576K
Event: 96.555 GC heap after
Heap after GC invocations=29 (full 7):
 PSYoungGen      total 119808K, used 0K [0x00000000f5580000, 0x0000000100000000, 0x0000000100000000)
  eden space 62976K, 0% used [0x00000000f5580000,0x00000000f5580000,0x00000000f9300000)
  from space 56832K, 0% used [0x00000000fc880000,0x00000000fc880000,0x0000000100000000)
  to   space 54784K, 0% used [0x00000000f9300000,0x00000000f9300000,0x00000000fc880000)
 ParOldGen       total 332800K, used 113997K [0x00000000e0000000, 0x00000000f4500000, 0x00000000f5580000)
  object space 332800K, 34% used [0x00000000e0000000,0x00000000e6f53750,0x00000000f4500000)
 Metaspace       used 134952K, capacity 152176K, committed 152448K, reserved 1181696K
  class space    used 18930K, capacity 19810K, committed 19840K, reserved 1048576K
}
Event: 96.556 GC heap before
{Heap before GC invocations=30 (full 7):
 PSYoungGen      total 119808K, used 44K [0x00000000f5580000, 0x0000000100000000, 0x0000000100000000)
  eden space 62976K, 0% used [0x00000000f5580000,0x00000000f558b3b0,0x00000000f9300000)
  from space 56832K, 0% used [0x00000000fc880000,0x00000000fc880000,0x0000000100000000)
  to   space 54784K, 0% used [0x00000000f9300000,0x00000000f9300000,0x00000000fc880000)
 ParOldGen       total 332800K, used 113997K [0x00000000e0000000, 0x00000000f4500000, 0x00000000f5580000)
  object space 332800K, 34% used [0x00000000e0000000,0x00000000e6f53750,0x00000000f4500000)
 Metaspace       used 134952K, capacity 152176K, committed 152448K, reserved 1181696K
  class space    used 18930K, capacity 19810K, committed 19840K, reserved 1048576K
Event: 96.559 GC heap after
Heap after GC invocations=30 (full 7):
 PSYoungGen      total 117760K, used 128K [0x00000000f5580000, 0x0000000100000000, 0x0000000100000000)
  eden space 62976K, 0% used [0x00000000f5580000,0x00000000f5580000,0x00000000f9300000)
  from space 54784K, 0% used [0x00000000f9300000,0x00000000f9320000,0x00000000fc880000)
  to   space 56832K, 0% used [0x00000000fc880000,0x00000000fc880000,0x0000000100000000)
 ParOldGen       total 332800K, used 113997K [0x00000000e0000000, 0x00000000f4500000, 0x00000000f5580000)
  object space 332800K, 34% used [0x00000000e0000000,0x00000000e6f53750,0x00000000f4500000)
 Metaspace       used 134952K, capacity 152176K, committed 152448K, reserved 1181696K
  class space    used 18930K, capacity 19810K, committed 19840K, reserved 1048576K
}
Event: 96.559 GC heap before
{Heap before GC invocations=31 (full 8):
 PSYoungGen      total 117760K, used 128K [0x00000000f5580000, 0x0000000100000000, 0x0000000100000000)
  eden space 62976K, 0% used [0x00000000f5580000,0x00000000f5580000,0x00000000f9300000)
  from space 54784K, 0% used [0x00000000f9300000,0x00000000f9320000,0x00000000fc880000)
  to   space 56832K, 0% used [0x00000000fc880000,0x00000000fc880000,0x0000000100000000)
 ParOldGen       total 332800K, used 113997K [0x00000000e0000000, 0x00000000f4500000, 0x00000000f5580000)
  object space 332800K, 34% used [0x00000000e0000000,0x00000000e6f53750,0x00000000f4500000)
 Metaspace       used 134952K, capacity 152176K, committed 152448K, reserved 1181696K
  class space    used 18930K, capacity 19810K, committed 19840K, reserved 1048576K
Event: 96.731 GC heap after
Heap after GC invocations=31 (full 8):
 PSYoungGen      total 117760K, used 0K [0x00000000f5580000, 0x0000000100000000, 0x0000000100000000)
  eden space 62976K, 0% used [0x00000000f5580000,0x00000000f5580000,0x00000000f9300000)
  from space 54784K, 0% used [0x00000000f9300000,0x00000000f9300000,0x00000000fc880000)
  to   space 56832K, 0% used [0x00000000fc880000,0x00000000fc880000,0x0000000100000000)
 ParOldGen       total 332800K, used 112346K [0x00000000e0000000, 0x00000000f4500000, 0x00000000f5580000)
  object space 332800K, 33% used [0x00000000e0000000,0x00000000e6db6b98,0x00000000f4500000)
 Metaspace       used 134952K, capacity 152176K, committed 152448K, reserved 1181696K
  class space    used 18930K, capacity 19810K, committed 19840K, reserved 1048576K
}
Event: 96.781 GC heap before
{Heap before GC invocations=32 (full 8):
 PSYoungGen      total 117760K, used 62976K [0x00000000f5580000, 0x0000000100000000, 0x0000000100000000)
  eden space 62976K, 100% used [0x00000000f5580000,0x00000000f9300000,0x00000000f9300000)
  from space 54784K, 0% used [0x00000000f9300000,0x00000000f9300000,0x00000000fc880000)
  to   space 56832K, 0% used [0x00000000fc880000,0x00000000fc880000,0x0000000100000000)
 ParOldGen       total 332800K, used 112346K [0x00000000e0000000, 0x00000000f4500000, 0x00000000f5580000)
  object space 332800K, 33% used [0x00000000e0000000,0x00000000e6db6b98,0x00000000f4500000)
 Metaspace       used 134966K, capacity 152200K, committed 152448K, reserved 1181696K
  class space    used 18934K, capacity 19814K, committed 19840K, reserved 1048576K
Event: 96.789 GC heap after
Heap after GC invocations=32 (full 8):
 PSYoungGen      total 115712K, used 25011K [0x00000000f5580000, 0x00000000ffc00000, 0x0000000100000000)
  eden space 62976K, 0% used [0x00000000f5580000,0x00000000f5580000,0x00000000f9300000)
  from space 52736K, 47% used [0x00000000fc880000,0x00000000fe0eceb0,0x00000000ffc00000)
  to   space 53760K, 0% used [0x00000000f9300000,0x00000000f9300000,0x00000000fc780000)
 ParOldGen       total 332800K, used 112346K [0x00000000e0000000, 0x00000000f4500000, 0x00000000f5580000)
  object space 332800K, 33% used [0x00000000e0000000,0x00000000e6db6b98,0x00000000f4500000)
 Metaspace       used 134966K, capacity 152200K, committed 152448K, reserved 1181696K
  class space    used 18934K, capacity 19814K, committed 19840K, reserved 1048576K
}

